Arguments: 
  D:\soft\node\node.exe D:\soft\node\node_global\node_modules\yarn\bin\yarn.js install

PATH: 
  C:\Windows\system32;C:\Windows;C:\Windows\System32\Wbem;C:\Windows\System32\WindowsPowerShell\v1.0\;C:\Windows\System32\OpenSSH\;D:\software\Git\cmd;D:\soft\node\;D:\soft\python39\Scripts\;D:\soft\python39\;C:\Users\little_y\.cargo\bin;C:\Users\little_y\AppData\Local\Microsoft\WindowsApps;D:\soft\node\node_global;D:\software\Microsoft VS Code\bin

Yarn version: 
  1.22.17

Node version: 
  16.13.0

Platform: 
  win32 x64

Trace: 
  Error: https://registry.yarnpkg.com/@mui/material/-/material-5.2.2.tgz: ESOCKETTIMEDOUT
      at ClientRequest.<anonymous> (D:\soft\node\node_global\node_modules\yarn\lib\cli.js:141510:19)
      at Object.onceWrapper (node:events:509:28)
      at ClientRequest.emit (node:events:390:28)
      at TLSSocket.emitRequestTimeout (node:_http_client:763:9)
      at Object.onceWrapper (node:events:509:28)
      at TLSSocket.emit (node:events:402:35)
      at TLSSocket.Socket._onTimeout (node:net:501:8)
      at listOnTimeout (node:internal/timers:557:17)
      at processTimers (node:internal/timers:500:7)

npm manifest: 
  {
    "name": "react-app",
    "version": "0.1.0",
    "private": true,
    "dependencies": {
      "@babel/eslint-parser": "^7.15.4",
      "@emotion/react": "^11.4.1",
      "@emotion/styled": "^11.3.0",
      "@material-ui/core": "^5.0.0-beta.5",
      "@material-ui/styles": "^4.11.4",
      "@mui/material": "^5.0.0-rc.0",
      "@testing-library/jest-dom": "^5.11.4",
      "@testing-library/react": "^11.1.0",
      "@testing-library/user-event": "^12.1.10",
      "airbnb": "^0.0.2",
      "axios": "^0.21.4",
      "babel-eslint": "^10.1.0",
      "eslint": "^7.32.0",
      "eslint-config-airbnb": "^18.2.1",
      "eslint-config-prettier": "^8.3.0",
      "eslint-plugin-import": "^2.24.2",
      "eslint-plugin-prettier": "^4.0.0",
      "eslint-plugin-react": "^7.25.1",
      "eslint-plugin-webassembly": "^1.11.1",
      "install": "^0.13.0",
      "npm": "^7.23.0",
      "prettier-eslint": "^13.0.0",
      "react": "^17.0.2",
      "react-dom": "^17.0.2",
      "react-router-dom": "^5.3.0",
      "react-scripts": "4.0.3",
      "web-vitals": "^1.0.1"
    },
    "scripts": {
      "start": "set PORT=9000 &&  react-app-rewired start",
      "build": "react-app-rewired build",
      "test": "react-app-rewired test",
      "eject": "react-scripts eject"
    },
    "eslintConfig": {
      "extends": [
        "react-app",
        "react-app/jest"
      ]
    },
    "browserslist": {
      "production": [
        ">0.2%",
        "not dead",
        "not op_mini all"
      ],
      "development": [
        "last 1 chrome version",
        "last 1 firefox version",
        "last 1 safari version"
      ]
    },
    "devDependencies": {
      "eslint-config-react-airbnb-prettier": "^0.0.13",
      "react-app-rewired": "^2.1.8",
      "wasm-loader": "^1.3.0"
    },
    "homepage": "/static/"
  }

yarn manifest: 
  No manifest

Lockfile: 
  No lockfile
